<?xml version="1.0" encoding="UTF-8"?>
<!-- Generated by org.testng.reporters.JUnitXMLReporter -->
<testsuite ignored="1" hostname="LAPTOP-OMNP3H05" failures="0" tests="2" name="Test" time="0.054" errors="0" timestamp="2023-06-23T11:07:06 IST">
  <testcase classname="Runner_Script.Groups_2" name="tets3" time="0.009"/>
  <testcase classname="Runner_Script.Groups_1" name="tets2" time="0.001"/>
  <testcase classname="Runner_Script.Groups_1" name="tets1" time="0.0">
    <ignored/>
  </testcase> <!-- tets1 -->
</testsuite> <!-- Test -->
